<?xml version="1.0" encoding="UTF-8"?>
<!-- Generated by org.testng.reporters.JUnitReportReporter -->
<testsuite hostname="DESKTOP-QI49BTU" failures="0" tests="1" name="EjercicioSaleforce1.A.TestParte7" time="28.804" errors="0" timestamp="2021-08-04T16:38:50 UYT" skipped="0">
  <testcase classname="EjercicioSaleforce1.A.TestParte7" name="SaleforceTest7" time="28.804"/>
  <system-out/>
</testsuite> <!-- EjercicioSaleforce1.A.TestParte7 -->
