<?xml version="1.0" encoding="UTF-8"?>
<!-- Generated by org.testng.reporters.JUnitReportReporter -->
<testsuite hostname="DESKTOP-QI49BTU" failures="0" tests="1" name="EjercicioSaleforce1.A.TestParte3" time="26.049" errors="0" timestamp="2021-08-02T20:40:00 UYT" skipped="0">
  <testcase classname="EjercicioSaleforce1.A.TestParte3" name="SaleforceTest3" time="26.049"/>
  <system-out/>
</testsuite> <!-- EjercicioSaleforce1.A.TestParte3 -->
