<?xml version="1.0" encoding="UTF-8"?>
<!-- Generated by org.testng.reporters.JUnitReportReporter -->
<testsuite hostname="DESKTOP-QI49BTU" failures="0" tests="1" name="EjercicioSaleforce1.A.Tests" time="7.090" errors="0" timestamp="2021-07-08T17:51:01 UYT" skipped="0">
  <testcase classname="EjercicioSaleforce1.A.Tests" name="SaleforceLoginTest" time="7.090"/>
  <system-out/>
</testsuite> <!-- EjercicioSaleforce1.A.Tests -->
