<?xml version="1.0" encoding="UTF-8"?>
<!-- Generated by org.testng.reporters.JUnitReportReporter -->
<testsuite hostname="DESKTOP-QI49BTU" failures="0" tests="1" name="EjercicioSaleforce1.A.TestParte6" time="26.472" errors="0" timestamp="2021-07-30T13:45:28 UYT" skipped="0">
  <testcase classname="EjercicioSaleforce1.A.TestParte6" name="SaleforceTest2" time="26.472"/>
  <system-out/>
</testsuite> <!-- EjercicioSaleforce1.A.TestParte6 -->
